<?xml version="1.0" encoding="UTF-8"?>
<!-- Generated by org.testng.reporters.JUnitReportReporter -->
<testsuite hostname="phuonganh-pc" name="TestDataDriven" tests="1" failures="0" timestamp="7 Jul 2016 08:32:27 GMT" time="2.280" errors="0">
  <testcase name="DataDriven1" time="2.280" classname="TestDataDriven"/>
</testsuite> <!-- TestDataDriven -->
